Using pre-set license
Built from '2020.3/staging' branch; Version is '2020.3.22f1 (e1a7f79fd887) revision 14788599'; Using compiler version '192528614'; Build Type 'Release'
OS: 'Windows 10 Pro; OS build 19044.1586; Version 2009; 64bit' Language: 'ko' Physical Memory: 16290 MB
BatchMode: 1, IsHumanControllingUs: 0, StartBugReporterOnCrash: 0, Is64bit: 1, IsPro: 0

COMMAND LINE ARGUMENTS:
D:\Program Files\2020.3.22f1\Editor\Unity.exe
-adb2
-batchMode
-noUpm
-name
AssetImportWorker0
-projectPath
N:/Dev/Unity Folder/Pika
-logFile
Logs/AssetImportWorker0.log
-srvPort
1774
Successfully changed project path to: N:/Dev/Unity Folder/Pika
N:/Dev/Unity Folder/Pika
Using Asset Import Pipeline V2.
Refreshing native plugins compatible for Editor in 52.84 ms, found 3 plugins.
Preloading 0 native plugins for Editor in 0.00 ms.
Initialize engine version: 2020.3.22f1 (e1a7f79fd887)
[Subsystems] Discovering subsystems at path D:/Program Files/2020.3.22f1/Editor/Data/Resources/UnitySubsystems
[Subsystems] Discovering subsystems at path N:/Dev/Unity Folder/Pika/Assets
GfxDevice: creating device client; threaded=0
Direct3D:
    Version:  Direct3D 11.0 [level 11.1]
    Renderer: NVIDIA GeForce GTX 980 (ID=0x13c0)
    Vendor:   
    VRAM:     4053 MB
    Driver:   27.21.14.6109
Initialize mono
Mono path[0] = 'D:/Program Files/2020.3.22f1/Editor/Data/Managed'
Mono path[1] = 'D:/Program Files/2020.3.22f1/Editor/Data/MonoBleedingEdge/lib/mono/unityjit'
Mono config path = 'D:/Program Files/2020.3.22f1/Editor/Data/MonoBleedingEdge/etc'
Using monoOptions --debugger-agent=transport=dt_socket,embedding=1,server=y,suspend=n,address=127.0.0.1:56652
Begin MonoManager ReloadAssembly
Registering precompiled unity dll's ...
Register platform support module: D:/Program Files/2020.3.22f1/Editor/Data/PlaybackEngines/WebGLSupport/UnityEditor.WebGL.Extensions.dll
Register platform support module: D:/Program Files/2020.3.22f1/Editor/Data/PlaybackEngines/WindowsStandaloneSupport/UnityEditor.WindowsStandalone.Extensions.dll
Registered in 0.002634 seconds.
Native extension for WindowsStandalone target not found
Native extension for WebGL target not found
Refreshing native plugins compatible for Editor in 57.25 ms, found 3 plugins.
Preloading 0 native plugins for Editor in 0.00 ms.
Mono: successfully reloaded assembly
- Completed reload, in  4.253 seconds
Domain Reload Profiling:
	ReloadAssembly (4253ms)
		BeginReloadAssembly (110ms)
			ExecutionOrderSort (0ms)
			DisableScriptedObjects (0ms)
			BackupInstance (0ms)
			ReleaseScriptingObjects (0ms)
			CreateAndSetChildDomain (2ms)
		EndReloadAssembly (702ms)
			LoadAssemblies (109ms)
			RebuildTransferFunctionScriptingTraits (0ms)
			SetupTypeCache (232ms)
			ReleaseScriptCaches (0ms)
			RebuildScriptCaches (55ms)
			SetupLoadedEditorAssemblies (244ms)
				LogAssemblyErrors (0ms)
				InitializePlatformSupportModulesInManaged (11ms)
				SetLoadedEditorAssemblies (0ms)
				RefreshPlugins (57ms)
				BeforeProcessingInitializeOnLoad (24ms)
				ProcessInitializeOnLoadAttributes (111ms)
				ProcessInitializeOnLoadMethodAttributes (39ms)
				AfterProcessingInitializeOnLoad (0ms)
				EditorAssembliesLoaded (0ms)
			ExecutionOrderSort2 (0ms)
			AwakeInstancesAfterBackupRestoration (0ms)
Platform modules already initialized, skipping
Registering precompiled user dll's ...
Registered in 0.012157 seconds.
Begin MonoManager ReloadAssembly
Native extension for WindowsStandalone target not found
Native extension for WebGL target not found
Refreshing native plugins compatible for Editor in 57.06 ms, found 3 plugins.
Preloading 0 native plugins for Editor in 0.00 ms.
Mono: successfully reloaded assembly
- Completed reload, in  1.769 seconds
Domain Reload Profiling:
	ReloadAssembly (1771ms)
		BeginReloadAssembly (237ms)
			ExecutionOrderSort (0ms)
			DisableScriptedObjects (6ms)
			BackupInstance (0ms)
			ReleaseScriptingObjects (0ms)
			CreateAndSetChildDomain (25ms)
		EndReloadAssembly (1458ms)
			LoadAssemblies (163ms)
			RebuildTransferFunctionScriptingTraits (0ms)
			SetupTypeCache (473ms)
			ReleaseScriptCaches (1ms)
			RebuildScriptCaches (97ms)
			SetupLoadedEditorAssemblies (535ms)
				LogAssemblyErrors (0ms)
				InitializePlatformSupportModulesInManaged (6ms)
				SetLoadedEditorAssemblies (0ms)
				RefreshPlugins (57ms)
				BeforeProcessingInitializeOnLoad (135ms)
				ProcessInitializeOnLoadAttributes (308ms)
				ProcessInitializeOnLoadMethodAttributes (24ms)
				AfterProcessingInitializeOnLoad (5ms)
				EditorAssembliesLoaded (0ms)
			ExecutionOrderSort2 (0ms)
			AwakeInstancesAfterBackupRestoration (17ms)
Platform modules already initialized, skipping
========================================================================
Worker process is ready to serve import requests
Launched and connected shader compiler UnityShaderCompiler.exe after 0.22 seconds
Refreshing native plugins compatible for Editor in 0.55 ms, found 3 plugins.
Preloading 0 native plugins for Editor in 0.00 ms.
Unloading 2182 Unused Serialized files (Serialized files now loaded: 0)
System memory in use before: 95.4 MB.
System memory in use after: 95.5 MB.

Unloading 28 unused Assets to reduce memory usage. Loaded Objects now: 2615.
Total: 4.366500 ms (FindLiveObjects: 0.371300 ms CreateObjectMapping: 0.251400 ms MarkObjects: 3.656300 ms  DeleteObjects: 0.086100 ms)

AssetImportParameters requested are different than current active one (requested -> active):
  custom:framework-win-MediaFoundation: 216162199b28c13a410421893ffa2e32 -> 
  custom:video-decoder-ogg-theora: a1e56fd34408186e4bbccfd4996cb3dc -> 
  custom:container-muxer-webm: aa71ff27fc2769a1b78a27578f13a17b -> 
  custom:container-demuxer-webm: 4f35f7cbe854078d1ac9338744f61a02 -> 
  custom:container-demuxer-ogg: 62fdf1f143b41e24485cea50d1cbac27 -> 
  custom:video-encoder-webm-vp8: eb34c28f22e8b96e1ab97ce403110664 -> 
  custom:video-codec-MediaFoundation-h265: e54d7ab0439102e2317fc1e4b246158d -> 
  custom:video-decoder-webm-vp8: 9c59270c3fd7afecdb556c50c9e8de78 -> 
  custom:audio-decoder-ogg-vorbis: bf7c407c2cedff20999df2af8eb42d56 -> 
  custom:audio-encoder-webm-vorbis: bf7c407c2cedff20999df2af8eb42d56 -> 
========================================================================
Received Import Request.
  path: Assets
  artifactKey: Guid(00000000000000001000000000000000) Importer(815301076,1909f56bfc062723c751e8b465ee728b)
Start importing Assets using Guid(00000000000000001000000000000000) Importer(815301076,1909f56bfc062723c751e8b465ee728b)  -> (artifact id: '42d402b061de3733987d63b9cc3b64de') in 0.011038 seconds 
  Import took 0.027130 seconds .

========================================================================
Received Import Request.
  Time since last request: 0.000291 seconds.
  path: Assets/01. Scenes
  artifactKey: Guid(0a749c4c26113bb4391064be9534b571) Importer(815301076,1909f56bfc062723c751e8b465ee728b)
Start importing Assets/01. Scenes using Guid(0a749c4c26113bb4391064be9534b571) Importer(815301076,1909f56bfc062723c751e8b465ee728b)  -> (artifact id: 'b404abf637802928b9eccbb3e3e0f552') in 0.006406 seconds 
  Import took 0.019033 seconds .

========================================================================
Received Import Request.
  Time since last request: 3.862297 seconds.
  path: Assets/02. Scripts
  artifactKey: Guid(802b6de26a923ab4189c8507c81d327e) Importer(815301076,1909f56bfc062723c751e8b465ee728b)
Start importing Assets/02. Scripts using Guid(802b6de26a923ab4189c8507c81d327e) Importer(815301076,1909f56bfc062723c751e8b465ee728b)  -> (artifact id: '806ac9d33664d862c164ee9f93f5ab7c') in 0.006373 seconds 
  Import took 0.049104 seconds .

========================================================================
Received Import Request.
  Time since last request: 6.275172 seconds.
  path: Assets/03. Image
  artifactKey: Guid(469dbb6b4729b7d468d042181e29ca75) Importer(815301076,1909f56bfc062723c751e8b465ee728b)
Start importing Assets/03. Image using Guid(469dbb6b4729b7d468d042181e29ca75) Importer(815301076,1909f56bfc062723c751e8b465ee728b)  -> (artifact id: '9e999ebe6c711948a88f5f63cc6629e1') in 0.006406 seconds 
  Import took 0.032291 seconds .

========================================================================
Received Import Request.
  Time since last request: 1.498818 seconds.
  path: Assets/03. Images
  artifactKey: Guid(469dbb6b4729b7d468d042181e29ca75) Importer(815301076,1909f56bfc062723c751e8b465ee728b)
Start importing Assets/03. Images using Guid(469dbb6b4729b7d468d042181e29ca75) Importer(815301076,1909f56bfc062723c751e8b465ee728b)  -> (artifact id: 'abb80b7a4dc0c88e6be9cef397630095') in 0.006820 seconds 
  Import took 0.015464 seconds .

========================================================================
Received Import Request.
  Time since last request: 13.752252 seconds.
  path: Assets/04. Sounds
  artifactKey: Guid(9829898ec3a75a04fb9c6427cbbea682) Importer(815301076,1909f56bfc062723c751e8b465ee728b)
Start importing Assets/04. Sounds using Guid(9829898ec3a75a04fb9c6427cbbea682) Importer(815301076,1909f56bfc062723c751e8b465ee728b)  -> (artifact id: 'c74ec62371b248f9dca39d0f9b89dcfe') in 0.006991 seconds 
  Import took 0.033681 seconds .

========================================================================
Received Import Request.
  Time since last request: 7.044110 seconds.
  path: Assets/05. Prefabs
  artifactKey: Guid(d777cdc6fe48ecd4aaab52cbdf7475f1) Importer(815301076,1909f56bfc062723c751e8b465ee728b)
Start importing Assets/05. Prefabs using Guid(d777cdc6fe48ecd4aaab52cbdf7475f1) Importer(815301076,1909f56bfc062723c751e8b465ee728b)  -> (artifact id: 'd67b95bea1fc4808d55b5baab838fd69') in 0.007524 seconds 
  Import took 0.036698 seconds .

AssetImportWorkerClient::OnTransportError - code=2 error=End of file
